<?xml version="1.0" encoding="UTF-8"?>
<testsuite xmlns:xsi="http://www.w3.org/2001/XMLSchema-instance" xsi:noNamespaceSchemaLocation="https://maven.apache.org/surefire/maven-surefire-plugin/xsd/surefire-test-report.xsd" version="3.0.2" name="weatherService.WeatherDataEntryTest" time="0.09" tests="17" errors="0" skipped="0" failures="0">
  <properties>
[...]
</properties>
  <testcase name="setLocal_date_time" classname="weatherService.WeatherDataEntryTest" time="0.028"/>
  <testcase name="setWind_spd_kt" classname="weatherService.WeatherDataEntryTest" time="0.002"/>
  <testcase name="setLocal_date_time_full" classname="weatherService.WeatherDataEntryTest" time="0.002"/>
  <testcase name="setLat" classname="weatherService.WeatherDataEntryTest" time="0.002"/>
  <testcase name="setLon" classname="weatherService.WeatherDataEntryTest" time="0.001"/>
  <testcase name="setApparent_t" classname="weatherService.WeatherDataEntryTest" time="0.001"/>
  <testcase name="setRel_hum" classname="weatherService.WeatherDataEntryTest" time="0.002"/>
  <testcase name="setID" classname="weatherService.WeatherDataEntryTest" time="0.001"/>
  <testcase name="setWind_spd_kmh" classname="weatherService.WeatherDataEntryTest" time="0.001"/>
  <testcase name="setWind_dir" classname="weatherService.WeatherDataEntryTest" time="0.001"/>
  <testcase name="setAir_temp" classname="weatherService.WeatherDataEntryTest" time="0.0"/>
  <testcase name="setCloud" classname="weatherService.WeatherDataEntryTest" time="0.001"/>
  <testcase name="setDewpt" classname="weatherService.WeatherDataEntryTest" time="0.0"/>
  <testcase name="setPress" classname="weatherService.WeatherDataEntryTest" time="0.002"/>
  <testcase name="setState" classname="weatherService.WeatherDataEntryTest" time="0.001"/>
  <testcase name="setTime_zone" classname="weatherService.WeatherDataEntryTest" time="0.001"/>
  <testcase name="setName" classname="weatherService.WeatherDataEntryTest" time="0.001"/>
</testsuite>